#
# There is insufficient memory for the Java Runtime Environment to continue.
# Native memory allocation (malloc) failed to allocate 1344176 bytes for Chunk::new
# Possible reasons:
#   The system is out of physical RAM or swap space
#   The process is running with CompressedOops enabled, and the Java Heap may be blocking the growth of the native heap
# Possible solutions:
#   Reduce memory load on the system
#   Increase physical memory or swap space
#   Check if swap backing store is full
#   Decrease Java heap size (-Xmx/-Xms)
#   Decrease number of Java threads
#   Decrease Java thread stack sizes (-Xss)
#   Set larger code cache with -XX:ReservedCodeCacheSize=
#   JVM is running with Unscaled Compressed Oops mode in which the Java heap is
#     placed in the first 4GB address space. The Java Heap base address is the
#     maximum limit for the native heap growth. Please use -XX:HeapBaseMinAddress
#     to set the Java Heap base and to place the Java Heap above 4GB virtual address.
# This output file may be truncated or incomplete.
#
#  Out of Memory Error (arena.cpp:189), pid=7864, tid=6808
#
# JRE version: OpenJDK Runtime Environment (17.0.6) (build 17.0.6+0-b2043.56-10027231)
# Java VM: OpenJDK 64-Bit Server VM (17.0.6+0-b2043.56-10027231, mixed mode, tiered, compressed oops, compressed class ptrs, g1 gc, windows-amd64)
# No core dump will be written. Minidumps are not enabled by default on client versions of Windows
#

---------------  S U M M A R Y ------------

Command Line: org.jetbrains.kotlin.cli.jvm.K2JVMCompiler @C:\Users\nadhs\AndroidStudioProjects\MyGitHubUser\app\build\20230919_18400425245006357194.compiler.options

Host: Intel(R) Core(TM) i3-1005G1 CPU @ 1.20GHz, 4 cores, 7G,  Windows 10 , 64 bit Build 19041 (10.0.19041.3393)
Time: Tue Sep 19 23:31:33 2023 SE Asia Standard Time elapsed time: 13.788036 seconds (0d 0h 0m 13s)

---------------  T H R E A D  ---------------

Current thread (0x00000290fd6fdc70):  JavaThread "C2 CompilerThread1" daemon [_thread_in_native, id=6808, stack(0x000000b8dcf00000,0x000000b8dd000000)]


Current CompileTask:
C2:  13788 11493       4       jdk.internal.loader.BuiltinClassLoader::defineClass (121 bytes)

Stack: [0x000000b8dcf00000,0x000000b8dd000000]
Native frames: (J=compiled Java code, j=interpreted, Vv=VM code, C=native code)
V  [jvm.dll+0x683c9a]
V  [jvm.dll+0x8427a4]
V  [jvm.dll+0x843f9e]
V  [jvm.dll+0x844603]
V  [jvm.dll+0x249b75]
V  [jvm.dll+0xabcac]
V  [jvm.dll+0xac27c]
V  [jvm.dll+0x368802]
V  [jvm.dll+0x1bced2]
V  [jvm.dll+0x21c359]
V  [jvm.dll+0x21b621]
V  [jvm.dll+0x1a4fdd]
V  [jvm.dll+0x22b098]
V  [jvm.dll+0x229159]
V  [jvm.dll+0x7f81ec]
V  [jvm.dll+0x7f274a]
V  [jvm.dll+0x682ad5]
C  [ucrtbase.dll+0x21bb2]
C  [KERNEL32.DLL+0x17344]
C  [ntdll.dll+0x526b1]


---------------  P R O C E S S  ---------------

Threads class SMR info:
_java_thread_list=0x00000290fd680a50, length=13, elements={
0x00000290e37999c0, 0x00000290fcba1a40, 0x00000290fcba25f0, 0x00000290fcbc5b00,
0x00000290fcbc66b0, 0x00000290fcbc7060, 0x00000290fd526020, 0x00000290fd526c10,
0x00000290fd529dc0, 0x00000290fd545240, 0x00000290fd69f500, 0x00000290fd6a3fa0,
0x00000290fd6fdc70
}

Java Threads: ( => current thread )
  0x00000290e37999c0 JavaThread "main" [_thread_in_vm, id=9876, stack(0x000000b8dbc00000,0x000000b8dbd00000)]
  0x00000290fcba1a40 JavaThread "Reference Handler" daemon [_thread_blocked, id=9448, stack(0x000000b8dc300000,0x000000b8dc400000)]
  0x00000290fcba25f0 JavaThread "Finalizer" daemon [_thread_blocked, id=12768, stack(0x000000b8dc400000,0x000000b8dc500000)]
  0x00000290fcbc5b00 JavaThread "Signal Dispatcher" daemon [_thread_blocked, id=10732, stack(0x000000b8dc500000,0x000000b8dc600000)]
  0x00000290fcbc66b0 JavaThread "Attach Listener" daemon [_thread_blocked, id=2092, stack(0x000000b8dc600000,0x000000b8dc700000)]
  0x00000290fcbc7060 JavaThread "Service Thread" daemon [_thread_blocked, id=6124, stack(0x000000b8dc700000,0x000000b8dc800000)]
  0x00000290fd526020 JavaThread "Monitor Deflation Thread" daemon [_thread_blocked, id=7896, stack(0x000000b8dc800000,0x000000b8dc900000)]
  0x00000290fd526c10 JavaThread "C2 CompilerThread0" daemon [_thread_in_native, id=10320, stack(0x000000b8dc900000,0x000000b8dca00000)]
  0x00000290fd529dc0 JavaThread "C1 CompilerThread0" daemon [_thread_blocked, id=8080, stack(0x000000b8dca00000,0x000000b8dcb00000)]
  0x00000290fd545240 JavaThread "Sweeper thread" daemon [_thread_blocked, id=7116, stack(0x000000b8dcb00000,0x000000b8dcc00000)]
  0x00000290fd69f500 JavaThread "Notification Thread" daemon [_thread_blocked, id=7852, stack(0x000000b8dcc00000,0x000000b8dcd00000)]
  0x00000290fd6a3fa0 JavaThread "Common-Cleaner" daemon [_thread_blocked, id=4636, stack(0x000000b8dce00000,0x000000b8dcf00000)]
=>0x00000290fd6fdc70 JavaThread "C2 CompilerThread1" daemon [_thread_in_native, id=6808, stack(0x000000b8dcf00000,0x000000b8dd000000)]

Other Threads:
  0x00000290fcb55760 VMThread "VM Thread" [stack: 0x000000b8dc200000,0x000000b8dc300000] [id=10504]
  0x00000290fcb3bc30 WatcherThread [stack: 0x000000b8dcd00000,0x000000b8dce00000] [id=11912]
  0x00000290e37f7a30 GCTaskThread "GC Thread#0" [stack: 0x000000b8dbd00000,0x000000b8dbe00000] [id=6240]
  0x00000290fdac5bc0 GCTaskThread "GC Thread#1" [stack: 0x000000b8dd000000,0x000000b8dd100000] [id=12552]
  0x00000290fda98400 GCTaskThread "GC Thread#2" [stack: 0x000000b8dd100000,0x000000b8dd200000] [id=10656]
  0x00000290fda98ad0 GCTaskThread "GC Thread#3" [stack: 0x000000b8dd200000,0x000000b8dd300000] [id=13208]
  0x00000290e3808370 ConcurrentGCThread "G1 Main Marker" [stack: 0x000000b8dbe00000,0x000000b8dbf00000] [id=1700]
  0x00000290e3809520 ConcurrentGCThread "G1 Conc#0" [stack: 0x000000b8dbf00000,0x000000b8dc000000] [id=7332]
  0x00000290e386e9e0 ConcurrentGCThread "G1 Refine#0" [stack: 0x000000b8dc000000,0x000000b8dc100000] [id=2264]
  0x0000029080a7f020 ConcurrentGCThread "G1 Refine#1" [stack: 0x000000b8dd300000,0x000000b8dd400000] [id=11120]
  0x00000290ff1377f0 ConcurrentGCThread "G1 Refine#2" [stack: 0x000000b8dd400000,0x000000b8dd500000] [id=6512]
  0x00000290fca005e0 ConcurrentGCThread "G1 Service" [stack: 0x000000b8dc100000,0x000000b8dc200000] [id=640]

Threads with active compile tasks:
C2 CompilerThread0    13803 11696       4       org.jetbrains.kotlin.backend.jvm.lower.RepeatedAnnotationLowering::transformAnnotations (423 bytes)
C2 CompilerThread1    13803 11493       4       jdk.internal.loader.BuiltinClassLoader::defineClass (121 bytes)

VM state: not at safepoint (normal execution)

VM Mutex/Monitor currently owned by a thread: None

Heap address: 0x0000000083000000, size: 2000 MB, Compressed Oops mode: 32-bit

CDS archive(s) not mapped
Compressed class space mapped at: 0x0000000100000000-0x0000000140000000, reserved size: 1073741824
Narrow klass base: 0x0000000000000000, Narrow klass shift: 3, Narrow klass range: 0x140000000

GC Precious Log:
 CPUs: 4 total, 4 available
 Memory: 7998M
 Large Page Support: Disabled
 NUMA Support: Disabled
 Compressed Oops: Enabled (32-bit)
 Heap Region Size: 1M
 Heap Min Capacity: 8M
 Heap Initial Capacity: 126M
 Heap Max Capacity: 2000M
 Pre-touch: Disabled
 Parallel Workers: 4
 Concurrent Workers: 1
 Concurrent Refinement Workers: 4
 Periodic GC: Disabled

Heap:
 garbage-first heap   total 154624K, used 103435K [0x0000000083000000, 0x0000000100000000)
  region size 1024K, 45 young (46080K), 5 survivors (5120K)
 Metaspace       used 77973K, committed 78336K, reserved 1122304K
  class space    used 8926K, committed 9088K, reserved 1048576K

Heap Regions: E=young(eden), S=young(survivor), O=old, HS=humongous(starts), HC=humongous(continues), CS=collection set, F=free, OA=open archive, CA=closed archive, TAMS=top-at-mark-start (previous, next)
|   0|0x0000000083000000, 0x0000000083100000, 0x0000000083100000|100%|HS|  |TAMS 0x0000000083100000, 0x0000000083000000| Complete 
|   1|0x0000000083100000, 0x0000000083200000, 0x0000000083200000|100%|HC|  |TAMS 0x0000000083200000, 0x0000000083100000| Complete 
|   2|0x0000000083200000, 0x0000000083300000, 0x0000000083300000|100%|HC|  |TAMS 0x0000000083300000, 0x0000000083200000| Complete 
|   3|0x0000000083300000, 0x0000000083400000, 0x0000000083400000|100%|HC|  |TAMS 0x0000000083400000, 0x0000000083300000| Complete 
|   4|0x0000000083400000, 0x0000000083500000, 0x0000000083500000|100%| O|  |TAMS 0x0000000083500000, 0x0000000083400000| Untracked 
|   5|0x0000000083500000, 0x00000000835f1800, 0x0000000083600000| 94%| O|  |TAMS 0x00000000835f1800, 0x0000000083500000| Untracked 
|   6|0x0000000083600000, 0x0000000083700000, 0x0000000083700000|100%| O|  |TAMS 0x0000000083700000, 0x0000000083600000| Untracked 
|   7|0x0000000083700000, 0x0000000083800000, 0x0000000083800000|100%| O|  |TAMS 0x0000000083800000, 0x0000000083700000| Untracked 
|   8|0x0000000083800000, 0x0000000083900000, 0x0000000083900000|100%| O|  |TAMS 0x0000000083900000, 0x0000000083800000| Untracked 
|   9|0x0000000083900000, 0x0000000083a00000, 0x0000000083a00000|100%| O|  |TAMS 0x0000000083a00000, 0x0000000083900000| Untracked 
|  10|0x0000000083a00000, 0x0000000083b00000, 0x0000000083b00000|100%| O|  |TAMS 0x0000000083b00000, 0x0000000083a00000| Untracked 
|  11|0x0000000083b00000, 0x0000000083c00000, 0x0000000083c00000|100%| O|  |TAMS 0x0000000083c00000, 0x0000000083b00000| Untracked 
|  12|0x0000000083c00000, 0x0000000083d00000, 0x0000000083d00000|100%| O|  |TAMS 0x0000000083d00000, 0x0000000083c00000| Untracked 
|  13|0x0000000083d00000, 0x0000000083e00000, 0x0000000083e00000|100%| O|  |TAMS 0x0000000083e00000, 0x0000000083d00000| Untracked 
|  14|0x0000000083e00000, 0x0000000083f00000, 0x0000000083f00000|100%| O|  |TAMS 0x0000000083f00000, 0x0000000083e00000| Untracked 
|  15|0x0000000083f00000, 0x0000000084000000, 0x0000000084000000|100%| O|  |TAMS 0x0000000084000000, 0x0000000083f00000| Untracked 
|  16|0x0000000084000000, 0x0000000084100000, 0x0000000084100000|100%| O|  |TAMS 0x0000000084100000, 0x0000000084000000| Untracked 
|  17|0x0000000084100000, 0x0000000084200000, 0x0000000084200000|100%| O|  |TAMS 0x0000000084100000, 0x0000000084100000| Untracked 
|  18|0x0000000084200000, 0x0000000084200000, 0x0000000084300000|  0%| F|  |TAMS 0x0000000084200000, 0x0000000084200000| Untracked 
|  19|0x0000000084300000, 0x0000000084400000, 0x0000000084400000|100%|HS|  |TAMS 0x0000000084400000, 0x0000000084300000| Complete 
|  20|0x0000000084400000, 0x0000000084500000, 0x0000000084500000|100%|HC|  |TAMS 0x0000000084500000, 0x0000000084400000| Complete 
|  21|0x0000000084500000, 0x0000000084600000, 0x0000000084600000|100%| O|  |TAMS 0x0000000084600000, 0x0000000084500000| Untracked 
|  22|0x0000000084600000, 0x0000000084700000, 0x0000000084700000|100%| O|  |TAMS 0x0000000084700000, 0x0000000084600000| Untracked 
|  23|0x0000000084700000, 0x0000000084800000, 0x0000000084800000|100%| O|  |TAMS 0x0000000084800000, 0x0000000084700000| Untracked 
|  24|0x0000000084800000, 0x0000000084900000, 0x0000000084900000|100%| O|  |TAMS 0x0000000084900000, 0x0000000084800000| Untracked 
|  25|0x0000000084900000, 0x0000000084a00000, 0x0000000084a00000|100%| O|  |TAMS 0x0000000084a00000, 0x0000000084900000| Untracked 
|  26|0x0000000084a00000, 0x0000000084b00000, 0x0000000084b00000|100%| O|  |TAMS 0x0000000084b00000, 0x0000000084a00000| Untracked 
|  27|0x0000000084b00000, 0x0000000084c00000, 0x0000000084c00000|100%| O|  |TAMS 0x0000000084c00000, 0x0000000084b00000| Untracked 
|  28|0x0000000084c00000, 0x0000000084d00000, 0x0000000084d00000|100%| O|  |TAMS 0x0000000084d00000, 0x0000000084c00000| Untracked 
|  29|0x0000000084d00000, 0x0000000084e00000, 0x0000000084e00000|100%| O|  |TAMS 0x0000000084e00000, 0x0000000084d00000| Untracked 
|  30|0x0000000084e00000, 0x0000000084f00000, 0x0000000084f00000|100%| O|  |TAMS 0x0000000084f00000, 0x0000000084e00000| Untracked 
|  31|0x0000000084f00000, 0x0000000085000000, 0x0000000085000000|100%| O|  |TAMS 0x0000000085000000, 0x0000000084f00000| Untracked 
|  32|0x0000000085000000, 0x0000000085100000, 0x0000000085100000|100%| O|  |TAMS 0x0000000085100000, 0x0000000085000000| Untracked 
|  33|0x0000000085100000, 0x0000000085200000, 0x0000000085200000|100%| O|  |TAMS 0x0000000085200000, 0x0000000085100000| Untracked 
|  34|0x0000000085200000, 0x0000000085300000, 0x0000000085300000|100%| O|  |TAMS 0x0000000085300000, 0x0000000085200000| Untracked 
|  35|0x0000000085300000, 0x0000000085400000, 0x0000000085400000|100%| O|  |TAMS 0x0000000085400000, 0x0000000085300000| Untracked 
|  36|0x0000000085400000, 0x0000000085500000, 0x0000000085500000|100%| O|  |TAMS 0x0000000085500000, 0x0000000085400000| Untracked 
|  37|0x0000000085500000, 0x0000000085600000, 0x0000000085600000|100%| O|  |TAMS 0x0000000085600000, 0x0000000085500000| Untracked 
|  38|0x0000000085600000, 0x0000000085700000, 0x0000000085700000|100%| O|  |TAMS 0x0000000085700000, 0x0000000085600000| Untracked 
|  39|0x0000000085700000, 0x0000000085800000, 0x0000000085800000|100%| O|  |TAMS 0x0000000085800000, 0x0000000085700000| Untracked 
|  40|0x0000000085800000, 0x0000000085900000, 0x0000000085900000|100%| O|  |TAMS 0x0000000085900000, 0x0000000085800000| Untracked 
|  41|0x0000000085900000, 0x0000000085a00000, 0x0000000085a00000|100%| O|  |TAMS 0x0000000085a00000, 0x0000000085900000| Untracked 
|  42|0x0000000085a00000, 0x0000000085b00000, 0x0000000085b00000|100%| O|  |TAMS 0x0000000085b00000, 0x0000000085a00000| Untracked 
|  43|0x0000000085b00000, 0x0000000085c00000, 0x0000000085c00000|100%| O|  |TAMS 0x0000000085c00000, 0x0000000085b00000| Untracked 
|  44|0x0000000085c00000, 0x0000000085d00000, 0x0000000085d00000|100%| O|  |TAMS 0x0000000085d00000, 0x0000000085c00000| Untracked 
|  45|0x0000000085d00000, 0x0000000085e00000, 0x0000000085e00000|100%| O|  |TAMS 0x0000000085e00000, 0x0000000085d00000| Untracked 
|  46|0x0000000085e00000, 0x0000000085f00000, 0x0000000085f00000|100%| O|  |TAMS 0x0000000085f00000, 0x0000000085e00000| Untracked 
|  47|0x0000000085f00000, 0x0000000086000000, 0x0000000086000000|100%| O|  |TAMS 0x0000000086000000, 0x0000000085f00000| Untracked 
|  48|0x0000000086000000, 0x0000000086100000, 0x0000000086100000|100%| O|  |TAMS 0x0000000086100000, 0x0000000086000000| Untracked 
|  49|0x0000000086100000, 0x0000000086200000, 0x0000000086200000|100%| O|  |TAMS 0x0000000086153400, 0x0000000086100000| Untracked 
|  50|0x0000000086200000, 0x0000000086300000, 0x0000000086300000|100%|HS|  |TAMS 0x0000000086200000, 0x0000000086200000| Complete 
|  51|0x0000000086300000, 0x0000000086400000, 0x0000000086400000|100%| O|  |TAMS 0x0000000086300000, 0x0000000086300000| Untracked 
|  52|0x0000000086400000, 0x0000000086500000, 0x0000000086500000|100%| O|  |TAMS 0x0000000086400000, 0x0000000086400000| Untracked 
|  53|0x0000000086500000, 0x0000000086600000, 0x0000000086600000|100%| O|  |TAMS 0x0000000086500000, 0x0000000086500000| Untracked 
|  54|0x0000000086600000, 0x0000000086700000, 0x0000000086700000|100%| O|  |TAMS 0x0000000086600000, 0x0000000086600000| Untracked 
|  55|0x0000000086700000, 0x0000000086800000, 0x0000000086800000|100%| O|  |TAMS 0x0000000086700000, 0x0000000086700000| Untracked 
|  56|0x0000000086800000, 0x0000000086900000, 0x0000000086900000|100%| O|  |TAMS 0x0000000086800000, 0x0000000086800000| Untracked 
|  57|0x0000000086900000, 0x0000000086983000, 0x0000000086a00000| 51%| O|  |TAMS 0x0000000086900000, 0x0000000086900000| Untracked 
|  58|0x0000000086a00000, 0x0000000086a00000, 0x0000000086b00000|  0%| F|  |TAMS 0x0000000086a00000, 0x0000000086a00000| Untracked 
|  59|0x0000000086b00000, 0x0000000086b00000, 0x0000000086c00000|  0%| F|  |TAMS 0x0000000086b00000, 0x0000000086b00000| Untracked 
|  60|0x0000000086c00000, 0x0000000086c00000, 0x0000000086d00000|  0%| F|  |TAMS 0x0000000086c00000, 0x0000000086c00000| Untracked 
|  61|0x0000000086d00000, 0x0000000086d00000, 0x0000000086e00000|  0%| F|  |TAMS 0x0000000086d00000, 0x0000000086d00000| Untracked 
|  62|0x0000000086e00000, 0x0000000086e00000, 0x0000000086f00000|  0%| F|  |TAMS 0x0000000086e00000, 0x0000000086e00000| Untracked 
|  63|0x0000000086f00000, 0x0000000086f00000, 0x0000000087000000|  0%| F|  |TAMS 0x0000000086f00000, 0x0000000086f00000| Untracked 
|  64|0x0000000087000000, 0x0000000087000000, 0x0000000087100000|  0%| F|  |TAMS 0x0000000087000000, 0x0000000087000000| Untracked 
|  65|0x0000000087100000, 0x0000000087100000, 0x0000000087200000|  0%| F|  |TAMS 0x0000000087100000, 0x0000000087100000| Untracked 
|  66|0x0000000087200000, 0x0000000087200000, 0x0000000087300000|  0%| F|  |TAMS 0x0000000087200000, 0x0000000087200000| Untracked 
|  67|0x0000000087300000, 0x0000000087300000, 0x0000000087400000|  0%| F|  |TAMS 0x0000000087300000, 0x0000000087300000| Untracked 
|  68|0x0000000087400000, 0x0000000087400000, 0x0000000087500000|  0%| F|  |TAMS 0x0000000087400000, 0x0000000087400000| Untracked 
|  69|0x0000000087500000, 0x0000000087500000, 0x0000000087600000|  0%| F|  |TAMS 0x0000000087500000, 0x0000000087500000| Untracked 
|  70|0x0000000087600000, 0x0000000087600000, 0x0000000087700000|  0%| F|  |TAMS 0x0000000087600000, 0x0000000087600000| Untracked 
|  71|0x0000000087700000, 0x0000000087700000, 0x0000000087800000|  0%| F|  |TAMS 0x0000000087700000, 0x0000000087700000| Untracked 
|  72|0x0000000087800000, 0x0000000087800000, 0x0000000087900000|  0%| F|  |TAMS 0x0000000087800000, 0x0000000087800000| Untracked 
|  73|0x0000000087900000, 0x0000000087900000, 0x0000000087a00000|  0%| F|  |TAMS 0x0000000087900000, 0x0000000087900000| Untracked 
|  74|0x0000000087a00000, 0x0000000087a00000, 0x0000000087b00000|  0%| F|  |TAMS 0x0000000087a00000, 0x0000000087a00000| Untracked 
|  75|0x0000000087b00000, 0x0000000087b00000, 0x0000000087c00000|  0%| F|  |TAMS 0x0000000087b00000, 0x0000000087b00000| Untracked 
|  76|0x0000000087c00000, 0x0000000087c00000, 0x0000000087d00000|  0%| F|  |TAMS 0x0000000087c00000, 0x0000000087c00000| Untracked 
|  77|0x0000000087d00000, 0x0000000087d00000, 0x0000000087e00000|  0%| F|  |TAMS 0x0000000087d00000, 0x0000000087d00000| Untracked 
|  78|0x0000000087e00000, 0x0000000087e00000, 0x0000000087f00000|  0%| F|  |TAMS 0x0000000087e00000, 0x0000000087e00000| Untracked 
|  79|0x0000000087f00000, 0x0000000087f00000, 0x0000000088000000|  0%| F|  |TAMS 0x0000000087f00000, 0x0000000087f00000| Untracked 
|  80|0x0000000088000000, 0x0000000088000000, 0x0000000088100000|  0%| F|  |TAMS 0x0000000088000000, 0x0000000088000000| Untracked 
|  81|0x0000000088100000, 0x0000000088100000, 0x0000000088200000|  0%| F|  |TAMS 0x0000000088100000, 0x0000000088100000| Untracked 
|  82|0x0000000088200000, 0x0000000088200000, 0x0000000088300000|  0%| F|  |TAMS 0x0000000088200000, 0x0000000088200000| Untracked 
|  83|0x0000000088300000, 0x0000000088300000, 0x0000000088400000|  0%| F|  |TAMS 0x0000000088300000, 0x0000000088300000| Untracked 
|  84|0x0000000088400000, 0x0000000088400000, 0x0000000088500000|  0%| F|  |TAMS 0x0000000088400000, 0x0000000088400000| Untracked 
|  85|0x0000000088500000, 0x0000000088500000, 0x0000000088600000|  0%| F|  |TAMS 0x0000000088500000, 0x0000000088500000| Untracked 
|  86|0x0000000088600000, 0x0000000088600000, 0x0000000088700000|  0%| F|  |TAMS 0x0000000088600000, 0x0000000088600000| Untracked 
|  87|0x0000000088700000, 0x0000000088700000, 0x0000000088800000|  0%| F|  |TAMS 0x0000000088700000, 0x0000000088700000| Untracked 
|  88|0x0000000088800000, 0x0000000088800000, 0x0000000088900000|  0%| F|  |TAMS 0x0000000088800000, 0x0000000088800000| Untracked 
|  89|0x0000000088900000, 0x0000000088900000, 0x0000000088a00000|  0%| F|  |TAMS 0x0000000088900000, 0x0000000088900000| Untracked 
|  90|0x0000000088a00000, 0x0000000088a00000, 0x0000000088b00000|  0%| F|  |TAMS 0x0000000088a00000, 0x0000000088a00000| Untracked 
|  91|0x0000000088b00000, 0x0000000088b00000, 0x0000000088c00000|  0%| F|  |TAMS 0x0000000088b00000, 0x0000000088b00000| Untracked 
|  92|0x0000000088c00000, 0x0000000088c00000, 0x0000000088d00000|  0%| F|  |TAMS 0x0000000088c00000, 0x0000000088c00000| Untracked 
|  93|0x0000000088d00000, 0x0000000088d8e670, 0x0000000088e00000| 55%| S|CS|TAMS 0x0000000088d00000, 0x0000000088d00000| Complete 
|  94|0x0000000088e00000, 0x0000000088f00000, 0x0000000088f00000|100%| S|CS|TAMS 0x0000000088e00000, 0x0000000088e00000| Complete 
|  95|0x0000000088f00000, 0x0000000089000000, 0x0000000089000000|100%| S|CS|TAMS 0x0000000088f00000, 0x0000000088f00000| Complete 
|  96|0x0000000089000000, 0x0000000089100000, 0x0000000089100000|100%| S|CS|TAMS 0x0000000089000000, 0x0000000089000000| Complete 
|  97|0x0000000089100000, 0x0000000089100000, 0x0000000089200000|  0%| F|  |TAMS 0x0000000089100000, 0x0000000089100000| Untracked 
|  98|0x0000000089200000, 0x0000000089300000, 0x0000000089300000|100%| S|CS|TAMS 0x0000000089200000, 0x0000000089200000| Complete 
|  99|0x0000000089300000, 0x0000000089300000, 0x0000000089400000|  0%| F|  |TAMS 0x0000000089300000, 0x0000000089300000| Untracked 
| 100|0x0000000089400000, 0x0000000089400000, 0x0000000089500000|  0%| F|  |TAMS 0x0000000089400000, 0x0000000089400000| Untracked 
| 101|0x0000000089500000, 0x0000000089500000, 0x0000000089600000|  0%| F|  |TAMS 0x0000000089500000, 0x0000000089500000| Untracked 
| 102|0x0000000089600000, 0x0000000089600000, 0x0000000089700000|  0%| F|  |TAMS 0x0000000089600000, 0x0000000089600000| Untracked 
| 103|0x0000000089700000, 0x0000000089700000, 0x0000000089800000|  0%| F|  |TAMS 0x0000000089700000, 0x0000000089700000| Untracked 
| 104|0x0000000089800000, 0x0000000089800000, 0x0000000089900000|  0%| F|  |TAMS 0x0000000089800000, 0x0000000089800000| Untracked 
| 105|0x0000000089900000, 0x0000000089900000, 0x0000000089a00000|  0%| F|  |TAMS 0x0000000089900000, 0x0000000089900000| Untracked 
| 106|0x0000000089a00000, 0x0000000089a00000, 0x0000000089b00000|  0%| F|  |TAMS 0x0000000089a00000, 0x0000000089a00000| Untracked 
| 107|0x0000000089b00000, 0x0000000089b00000, 0x0000000089c00000|  0%| F|  |TAMS 0x0000000089b00000, 0x0000000089b00000| Untracked 
| 108|0x0000000089c00000, 0x0000000089c00000, 0x0000000089d00000|  0%| F|  |TAMS 0x0000000089c00000, 0x0000000089c00000| Untracked 
| 109|0x0000000089d00000, 0x0000000089d00000, 0x0000000089e00000|  0%| F|  |TAMS 0x0000000089d00000, 0x0000000089d00000| Untracked 
| 110|0x0000000089e00000, 0x0000000089e90a18, 0x0000000089f00000| 56%| E|  |TAMS 0x0000000089e00000, 0x0000000089e00000| Complete 
| 111|0x0000000089f00000, 0x000000008a000000, 0x000000008a000000|100%| E|CS|TAMS 0x0000000089f00000, 0x0000000089f00000| Complete 
| 112|0x000000008a000000, 0x000000008a100000, 0x000000008a100000|100%| E|CS|TAMS 0x000000008a000000, 0x000000008a000000| Complete 
| 113|0x000000008a100000, 0x000000008a200000, 0x000000008a200000|100%| E|CS|TAMS 0x000000008a100000, 0x000000008a100000| Complete 
| 114|0x000000008a200000, 0x000000008a300000, 0x000000008a300000|100%| E|CS|TAMS 0x000000008a200000, 0x000000008a200000| Complete 
| 115|0x000000008a300000, 0x000000008a400000, 0x000000008a400000|100%| E|CS|TAMS 0x000000008a300000, 0x000000008a300000| Complete 
| 116|0x000000008a400000, 0x000000008a500000, 0x000000008a500000|100%| E|CS|TAMS 0x000000008a400000, 0x000000008a400000| Complete 
| 117|0x000000008a500000, 0x000000008a600000, 0x000000008a600000|100%| E|CS|TAMS 0x000000008a500000, 0x000000008a500000| Complete 
| 118|0x000000008a600000, 0x000000008a700000, 0x000000008a700000|100%| E|CS|TAMS 0x000000008a600000, 0x000000008a600000| Complete 
| 119|0x000000008a700000, 0x000000008a800000, 0x000000008a800000|100%| E|CS|TAMS 0x000000008a700000, 0x000000008a700000| Complete 
| 120|0x000000008a800000, 0x000000008a900000, 0x000000008a900000|100%| E|CS|TAMS 0x000000008a800000, 0x000000008a800000| Complete 
| 121|0x000000008a900000, 0x000000008aa00000, 0x000000008aa00000|100%| E|CS|TAMS 0x000000008a900000, 0x000000008a900000| Complete 
| 122|0x000000008aa00000, 0x000000008ab00000, 0x000000008ab00000|100%| E|CS|TAMS 0x000000008aa00000, 0x000000008aa00000| Complete 
| 123|0x000000008ab00000, 0x000000008ac00000, 0x000000008ac00000|100%| E|CS|TAMS 0x000000008ab00000, 0x000000008ab00000| Complete 
| 124|0x000000008ac00000, 0x000000008ad00000, 0x000000008ad00000|100%| E|CS|TAMS 0x000000008ac00000, 0x000000008ac00000| Complete 
| 125|0x000000008ad00000, 0x000000008ae00000, 0x000000008ae00000|100%| E|CS|TAMS 0x000000008ad00000, 0x000000008ad00000| Complete 
| 126|0x000000008ae00000, 0x000000008af00000, 0x000000008af00000|100%| E|CS|TAMS 0x000000008ae00000, 0x000000008ae00000| Complete 
| 127|0x000000008af00000, 0x000000008b000000, 0x000000008b000000|100%| E|CS|TAMS 0x000000008af00000, 0x000000008af00000| Complete 
| 128|0x000000008b000000, 0x000000008b100000, 0x000000008b100000|100%| E|CS|TAMS 0x000000008b000000, 0x000000008b000000| Complete 
| 129|0x000000008b100000, 0x000000008b200000, 0x000000008b200000|100%| E|CS|TAMS 0x000000008b100000, 0x000000008b100000| Complete 
| 130|0x000000008b200000, 0x000000008b300000, 0x000000008b300000|100%| E|CS|TAMS 0x000000008b200000, 0x000000008b200000| Complete 
| 131|0x000000008b300000, 0x000000008b400000, 0x000000008b400000|100%| E|CS|TAMS 0x000000008b300000, 0x000000008b300000| Complete 
| 132|0x000000008b400000, 0x000000008b500000, 0x000000008b500000|100%| E|CS|TAMS 0x000000008b400000, 0x000000008b400000| Complete 
| 133|0x000000008b500000, 0x000000008b600000, 0x000000008b600000|100%| E|CS|TAMS 0x000000008b500000, 0x000000008b500000| Complete 
| 134|0x000000008b600000, 0x000000008b700000, 0x000000008b700000|100%| E|CS|TAMS 0x000000008b600000, 0x000000008b600000| Complete 
| 135|0x000000008b700000, 0x000000008b800000, 0x000000008b800000|100%| E|CS|TAMS 0x000000008b700000, 0x000000008b700000| Complete 
| 136|0x000000008b800000, 0x000000008b900000, 0x000000008b900000|100%| E|CS|TAMS 0x000000008b800000, 0x000000008b800000| Complete 
| 137|0x000000008b900000, 0x000000008ba00000, 0x000000008ba00000|100%| E|CS|TAMS 0x000000008b900000, 0x000000008b900000| Complete 
| 138|0x000000008ba00000, 0x000000008bb00000, 0x000000008bb00000|100%| E|CS|TAMS 0x000000008ba00000, 0x000000008ba00000| Complete 
| 139|0x000000008bb00000, 0x000000008bc00000, 0x000000008bc00000|100%| E|CS|TAMS 0x000000008bb00000, 0x000000008bb00000| Complete 
| 140|0x000000008bc00000, 0x000000008bd00000, 0x000000008bd00000|100%| E|CS|TAMS 0x000000008bc00000, 0x000000008bc00000| Complete 
| 141|0x000000008bd00000, 0x000000008be00000, 0x000000008be00000|100%| E|CS|TAMS 0x000000008bd00000, 0x000000008bd00000| Complete 
| 142|0x000000008be00000, 0x000000008bf00000, 0x000000008bf00000|100%| E|CS|TAMS 0x000000008be00000, 0x000000008be00000| Complete 
| 143|0x000000008bf00000, 0x000000008c000000, 0x000000008c000000|100%| E|CS|TAMS 0x000000008bf00000, 0x000000008bf00000| Complete 
| 144|0x000000008c000000, 0x000000008c100000, 0x000000008c100000|100%| E|CS|TAMS 0x000000008c000000, 0x000000008c000000| Complete 
| 145|0x000000008c100000, 0x000000008c200000, 0x000000008c200000|100%| E|CS|TAMS 0x000000008c100000, 0x000000008c100000| Complete 
| 146|0x000000008c200000, 0x000000008c300000, 0x000000008c300000|100%| E|CS|TAMS 0x000000008c200000, 0x000000008c200000| Complete 
| 147|0x000000008c300000, 0x000000008c400000, 0x000000008c400000|100%| E|CS|TAMS 0x000000008c300000, 0x000000008c300000| Complete 
| 148|0x000000008c400000, 0x000000008c500000, 0x000000008c500000|100%| E|CS|TAMS 0x000000008c400000, 0x000000008c400000| Complete 
| 149|0x000000008c500000, 0x000000008c600000, 0x000000008c600000|100%| E|CS|TAMS 0x000000008c500000, 0x000000008c500000| Complete 
|1999|0x00000000fff00000, 0x0000000100000000, 0x0000000100000000|100%| O|  |TAMS 0x0000000100000000, 0x00000000fff00000| Untracked 

Card table byte_map: [0x00000290f6060000,0x00000290f6450000] _byte_map_base: 0x00000290f5c48000

Marking Bits (Prev, Next): (CMBitMap*) 0x00000290e37f8080, (CMBitMap*) 0x00000290e37f8040
 Prev Bits: [0x00000290f8780000, 0x00000290fa6c0000)
 Next Bits: [0x00000290f6840000, 0x00000290f8780000)

Polling page: 0x00000290e16f0000

Metaspace:

Usage:
  Non-class:     67.50 MB used.
      Class:      8.72 MB used.
       Both:     76.22 MB used.

Virtual space:
  Non-class space:       72.00 MB reserved,      67.69 MB ( 94%) committed,  9 nodes.
      Class space:        1.00 GB reserved,       8.88 MB ( <1%) committed,  1 nodes.
             Both:        1.07 GB reserved,      76.56 MB (  7%) committed. 

Chunk freelists:
   Non-Class:  352.00 KB
       Class:  3.16 MB
        Both:  3.50 MB

MaxMetaspaceSize: unlimited
CompressedClassSpaceSize: 1.00 GB
Initial GC threshold: 21.00 MB
Current GC threshold: 107.19 MB
CDS: off
MetaspaceReclaimPolicy: balanced
 - commit_granule_bytes: 65536.
 - commit_granule_words: 8192.
 - virtual_space_node_default_size: 1048576.
 - enlarge_chunks_in_place: 1.
 - new_chunks_are_fully_committed: 0.
 - uncommit_free_chunks: 1.
 - use_allocation_guard: 0.
 - handle_deallocations: 1.


Internal statistics:

num_allocs_failed_limit: 6.
num_arena_births: 356.
num_arena_deaths: 0.
num_vsnodes_births: 10.
num_vsnodes_deaths: 0.
num_space_committed: 1223.
num_space_uncommitted: 0.
num_chunks_returned_to_freelist: 6.
num_chunks_taken_from_freelist: 2860.
num_chunk_merges: 6.
num_chunk_splits: 2340.
num_chunks_enlarged: 2073.
num_purges: 0.
num_inconsistent_stats: 0.

CodeHeap 'non-profiled nmethods': size=120000Kb used=4961Kb max_used=5143Kb free=115038Kb
 bounds [0x00000290ee740000, 0x00000290eec50000, 0x00000290f5c70000]
CodeHeap 'profiled nmethods': size=120000Kb used=27729Kb max_used=29542Kb free=92270Kb
 bounds [0x00000290e6c70000, 0x00000290e8950000, 0x00000290ee1a0000]
CodeHeap 'non-nmethods': size=5760Kb used=1393Kb max_used=1439Kb free=4366Kb
 bounds [0x00000290ee1a0000, 0x00000290ee410000, 0x00000290ee740000]
 total_blobs=10686 nmethods=9978 adapters=617
 compilation: enabled
              stopped_count=0, restarted_count=0
 full_count=0

Compilation events (20 events):
Event: 13.743 Thread 0x00000290fd529dc0 11694       3       org.jetbrains.kotlin.ir.declarations.lazy.IrLazyConstructor::getParent (19 bytes)
Event: 13.744 Thread 0x00000290fd529dc0 nmethod 11694 0x00000290e73ca710 code [0x00000290e73ca8c0, 0x00000290e73caba8]
Event: 13.744 Thread 0x00000290fd529dc0 11695       3       org.jetbrains.kotlin.backend.jvm.lower.RepeatedAnnotationLowering::visitValueAccess (6 bytes)
Event: 13.744 Thread 0x00000290fd529dc0 nmethod 11695 0x00000290e725b390 code [0x00000290e725b680, 0x00000290e725c3c8]
Event: 13.744 Thread 0x00000290fd529dc0 11699       3       org.jetbrains.kotlin.backend.jvm.lower.RepeatedAnnotationLowering::visitCall (13 bytes)
Event: 13.745 Thread 0x00000290fd529dc0 nmethod 11699 0x00000290e75a4f90 code [0x00000290e75a5280, 0x00000290e75a6058]
Event: 13.745 Thread 0x00000290fd529dc0 11700       3       org.jetbrains.kotlin.backend.jvm.lower.RepeatedAnnotationLowering::visitGetValue (7 bytes)
Event: 13.746 Thread 0x00000290fd529dc0 nmethod 11700 0x00000290e7e34c10 code [0x00000290e7e34ee0, 0x00000290e7e35b58]
Event: 13.746 Thread 0x00000290fd529dc0 11701       3       org.jetbrains.kotlin.backend.jvm.lower.RepeatedAnnotationLowering::visitGetValue (6 bytes)
Event: 13.747 Thread 0x00000290fd529dc0 nmethod 11701 0x00000290e8393790 code [0x00000290e8393a60, 0x00000290e83946d8]
Event: 13.747 Thread 0x00000290fd529dc0 11702       1       org.jetbrains.kotlin.ir.declarations.impl.IrTypeParameterImpl::getAnnotations (5 bytes)
Event: 13.747 Thread 0x00000290fd529dc0 nmethod 11702 0x00000290ee94d210 code [0x00000290ee94d3a0, 0x00000290ee94d478]
Event: 13.772 Thread 0x00000290fd529dc0 11704       3       org.jetbrains.kotlin.backend.common.ClassLoweringVisitor::visitElement (15 bytes)
Event: 13.773 Thread 0x00000290fd529dc0 nmethod 11704 0x00000290e8806790 code [0x00000290e8806a40, 0x00000290e8807608]
Event: 13.773 Thread 0x00000290fd529dc0 11705       3       org.jetbrains.kotlin.backend.common.ClassLoweringVisitor::visitDeclaration (6 bytes)
Event: 13.774 Thread 0x00000290fd529dc0 nmethod 11705 0x00000290e87b8110 code [0x00000290e87b8440, 0x00000290e87b9448]
Event: 13.774 Thread 0x00000290fd529dc0 11706       3       org.jetbrains.kotlin.ir.declarations.IrConstructor::accept (15 bytes)
Event: 13.774 Thread 0x00000290fd529dc0 nmethod 11706 0x00000290e77e8a10 code [0x00000290e77e8c20, 0x00000290e77e92a8]
Event: 13.776 Thread 0x00000290fd529dc0 11707       3       org.jetbrains.kotlin.ir.expressions.IrExpressionBody::transform (25 bytes)
Event: 13.777 Thread 0x00000290fd529dc0 nmethod 11707 0x00000290e744c210 code [0x00000290e744c540, 0x00000290e744d758]

GC Heap History (20 events):
Event: 6.326 GC heap before
{Heap before GC invocations=24 (full 0):
 garbage-first heap   total 73728K, used 49363K [0x0000000083000000, 0x0000000100000000)
  region size 1024K, 11 young (11264K), 2 survivors (2048K)
 Metaspace       used 58503K, committed 58816K, reserved 1105920K
  class space    used 7052K, committed 7232K, reserved 1048576K
}
Event: 6.333 GC heap after
{Heap after GC invocations=25 (full 0):
 garbage-first heap   total 73728K, used 42169K [0x0000000083000000, 0x0000000100000000)
  region size 1024K, 2 young (2048K), 2 survivors (2048K)
 Metaspace       used 58503K, committed 58816K, reserved 1105920K
  class space    used 7052K, committed 7232K, reserved 1048576K
}
Event: 6.603 GC heap before
{Heap before GC invocations=25 (full 0):
 garbage-first heap   total 73728K, used 56505K [0x0000000083000000, 0x0000000100000000)
  region size 1024K, 16 young (16384K), 2 survivors (2048K)
 Metaspace       used 58644K, committed 58944K, reserved 1105920K
  class space    used 7055K, committed 7232K, reserved 1048576K
}
Event: 6.614 GC heap after
{Heap after GC invocations=26 (full 0):
 garbage-first heap   total 89088K, used 44798K [0x0000000083000000, 0x0000000100000000)
  region size 1024K, 2 young (2048K), 2 survivors (2048K)
 Metaspace       used 58644K, committed 58944K, reserved 1105920K
  class space    used 7055K, committed 7232K, reserved 1048576K
}
Event: 6.893 GC heap before
{Heap before GC invocations=27 (full 0):
 garbage-first heap   total 89088K, used 67326K [0x0000000083000000, 0x0000000100000000)
  region size 1024K, 24 young (24576K), 2 survivors (2048K)
 Metaspace       used 58859K, committed 59136K, reserved 1105920K
  class space    used 7073K, committed 7232K, reserved 1048576K
}
Event: 6.901 GC heap after
{Heap after GC invocations=28 (full 0):
 garbage-first heap   total 89088K, used 46218K [0x0000000083000000, 0x0000000100000000)
  region size 1024K, 2 young (2048K), 2 survivors (2048K)
 Metaspace       used 58859K, committed 59136K, reserved 1105920K
  class space    used 7073K, committed 7232K, reserved 1048576K
}
Event: 7.768 GC heap before
{Heap before GC invocations=28 (full 0):
 garbage-first heap   total 89088K, used 68746K [0x0000000083000000, 0x0000000100000000)
  region size 1024K, 24 young (24576K), 2 survivors (2048K)
 Metaspace       used 62654K, committed 62976K, reserved 1105920K
  class space    used 7604K, committed 7744K, reserved 1048576K
}
Event: 7.776 GC heap after
{Heap after GC invocations=29 (full 0):
 garbage-first heap   total 89088K, used 47804K [0x0000000083000000, 0x0000000100000000)
  region size 1024K, 3 young (3072K), 3 survivors (3072K)
 Metaspace       used 62654K, committed 62976K, reserved 1105920K
  class space    used 7604K, committed 7744K, reserved 1048576K
}
Event: 8.716 GC heap before
{Heap before GC invocations=30 (full 0):
 garbage-first heap   total 89088K, used 70332K [0x0000000083000000, 0x0000000100000000)
  region size 1024K, 25 young (25600K), 3 survivors (3072K)
 Metaspace       used 64329K, committed 64640K, reserved 1105920K
  class space    used 7732K, committed 7872K, reserved 1048576K
}
Event: 8.725 GC heap after
{Heap after GC invocations=31 (full 0):
 garbage-first heap   total 89088K, used 51194K [0x0000000083000000, 0x0000000100000000)
  region size 1024K, 4 young (4096K), 4 survivors (4096K)
 Metaspace       used 64329K, committed 64640K, reserved 1105920K
  class space    used 7732K, committed 7872K, reserved 1048576K
}
Event: 8.766 GC heap before
{Heap before GC invocations=31 (full 0):
 garbage-first heap   total 89088K, used 52218K [0x0000000083000000, 0x0000000100000000)
  region size 1024K, 5 young (5120K), 4 survivors (4096K)
 Metaspace       used 64474K, committed 64832K, reserved 1105920K
  class space    used 7751K, committed 7936K, reserved 1048576K
}
Event: 8.772 GC heap after
{Heap after GC invocations=32 (full 0):
 garbage-first heap   total 89088K, used 51184K [0x0000000083000000, 0x0000000100000000)
  region size 1024K, 1 young (1024K), 1 survivors (1024K)
 Metaspace       used 64474K, committed 64832K, reserved 1105920K
  class space    used 7751K, committed 7936K, reserved 1048576K
}
Event: 9.665 GC heap before
{Heap before GC invocations=32 (full 0):
 garbage-first heap   total 89088K, used 70640K [0x0000000083000000, 0x0000000100000000)
  region size 1024K, 20 young (20480K), 1 survivors (1024K)
 Metaspace       used 65515K, committed 65792K, reserved 1114112K
  class space    used 7788K, committed 7936K, reserved 1048576K
}
Event: 9.675 GC heap after
{Heap after GC invocations=33 (full 0):
 garbage-first heap   total 89088K, used 54930K [0x0000000083000000, 0x0000000100000000)
  region size 1024K, 3 young (3072K), 3 survivors (3072K)
 Metaspace       used 65515K, committed 65792K, reserved 1114112K
  class space    used 7788K, committed 7936K, reserved 1048576K
}
Event: 10.383 GC heap before
{Heap before GC invocations=34 (full 0):
 garbage-first heap   total 94208K, used 72338K [0x0000000083000000, 0x0000000100000000)
  region size 1024K, 19 young (19456K), 3 survivors (3072K)
 Metaspace       used 66258K, committed 66560K, reserved 1114112K
  class space    used 7812K, committed 8000K, reserved 1048576K
}
Event: 10.397 GC heap after
{Heap after GC invocations=35 (full 0):
 garbage-first heap   total 94208K, used 59185K [0x0000000083000000, 0x0000000100000000)
  region size 1024K, 3 young (3072K), 3 survivors (3072K)
 Metaspace       used 66258K, committed 66560K, reserved 1114112K
  class space    used 7812K, committed 8000K, reserved 1048576K
}
Event: 10.401 GC heap before
{Heap before GC invocations=35 (full 0):
 garbage-first heap   total 94208K, used 60209K [0x0000000083000000, 0x0000000100000000)
  region size 1024K, 4 young (4096K), 3 survivors (3072K)
 Metaspace       used 66264K, committed 66560K, reserved 1114112K
  class space    used 7812K, committed 8000K, reserved 1048576K
}
Event: 10.410 GC heap after
{Heap after GC invocations=36 (full 0):
 garbage-first heap   total 154624K, used 59401K [0x0000000083000000, 0x0000000100000000)
  region size 1024K, 1 young (1024K), 1 survivors (1024K)
 Metaspace       used 66264K, committed 66560K, reserved 1114112K
  class space    used 7812K, committed 8000K, reserved 1048576K
}
Event: 12.325 GC heap before
{Heap before GC invocations=36 (full 0):
 garbage-first heap   total 154624K, used 111625K [0x0000000083000000, 0x0000000100000000)
  region size 1024K, 52 young (53248K), 1 survivors (1024K)
 Metaspace       used 73379K, committed 73728K, reserved 1114112K
  class space    used 8480K, committed 8640K, reserved 1048576K
}
Event: 12.341 GC heap after
{Heap after GC invocations=37 (full 0):
 garbage-first heap   total 154624K, used 63499K [0x0000000083000000, 0x0000000100000000)
  region size 1024K, 5 young (5120K), 5 survivors (5120K)
 Metaspace       used 73379K, committed 73728K, reserved 1114112K
  class space    used 8480K, committed 8640K, reserved 1048576K
}

Dll operation events (2 events):
Event: 0.006 Loaded shared library C:\Program Files\Android\Android Studio\jbr\bin\java.dll
Event: 1.410 Loaded shared library C:\Program Files\Android\Android Studio\jbr\bin\verify.dll

Deoptimization events (20 events):
Event: 13.530 Thread 0x00000290e37999c0 Uncommon trap: trap_request=0xffffffde fr.pc=0x00000290eec41290 relative=0x0000000000000070
Event: 13.530 Thread 0x00000290e37999c0 Uncommon trap: reason=class_check action=maybe_recompile pc=0x00000290eec41290 method=kotlin.collections.AbstractMutableList.size()I @ 1 c2
Event: 13.530 Thread 0x00000290e37999c0 DEOPT PACKING pc=0x00000290eec41290 sp=0x000000b8dbcfd740
Event: 13.530 Thread 0x00000290e37999c0 DEOPT UNPACKING pc=0x00000290ee1fa1a3 sp=0x000000b8dbcfd6d0 mode 2
Event: 13.642 Thread 0x00000290e37999c0 Uncommon trap: trap_request=0xffffff45 fr.pc=0x00000290ee982498 relative=0x00000000000000f8
Event: 13.642 Thread 0x00000290e37999c0 Uncommon trap: reason=unstable_if action=reinterpret pc=0x00000290ee982498 method=kotlin.internal.ProgressionUtilKt.getProgressionLastElement(III)I @ 2 c2
Event: 13.642 Thread 0x00000290e37999c0 DEOPT PACKING pc=0x00000290ee982498 sp=0x000000b8dbcfc230
Event: 13.642 Thread 0x00000290e37999c0 DEOPT UNPACKING pc=0x00000290ee1fa1a3 sp=0x000000b8dbcfc178 mode 2
Event: 13.642 Thread 0x00000290e37999c0 Uncommon trap: trap_request=0xffffff45 fr.pc=0x00000290ee945604 relative=0x00000000000000e4
Event: 13.642 Thread 0x00000290e37999c0 Uncommon trap: reason=unstable_if action=reinterpret pc=0x00000290ee945604 method=kotlin.ranges.IntProgressionIterator.<init>(III)V @ 19 c2
Event: 13.642 Thread 0x00000290e37999c0 DEOPT PACKING pc=0x00000290ee945604 sp=0x000000b8dbcfc300
Event: 13.642 Thread 0x00000290e37999c0 DEOPT UNPACKING pc=0x00000290ee1fa1a3 sp=0x000000b8dbcfc220 mode 2
Event: 13.644 Thread 0x00000290e37999c0 Uncommon trap: trap_request=0xffffff45 fr.pc=0x00000290ee97e328 relative=0x00000000000000a8
Event: 13.644 Thread 0x00000290e37999c0 Uncommon trap: reason=unstable_if action=reinterpret pc=0x00000290ee97e328 method=kotlin.internal.ProgressionUtilKt.getProgressionLastElement(III)I @ 2 c2
Event: 13.644 Thread 0x00000290e37999c0 DEOPT PACKING pc=0x00000290ee97e328 sp=0x000000b8dbcfc1d0
Event: 13.644 Thread 0x00000290e37999c0 DEOPT UNPACKING pc=0x00000290ee1fa1a3 sp=0x000000b8dbcfc180 mode 2
Event: 13.644 Thread 0x00000290e37999c0 Uncommon trap: trap_request=0xffffff45 fr.pc=0x00000290ee945c7c relative=0x000000000000007c
Event: 13.644 Thread 0x00000290e37999c0 Uncommon trap: reason=unstable_if action=reinterpret pc=0x00000290ee945c7c method=kotlin.ranges.IntProgressionIterator.<init>(III)V @ 19 c2
Event: 13.644 Thread 0x00000290e37999c0 DEOPT PACKING pc=0x00000290ee945c7c sp=0x000000b8dbcfc270
Event: 13.644 Thread 0x00000290e37999c0 DEOPT UNPACKING pc=0x00000290ee1fa1a3 sp=0x000000b8dbcfc218 mode 2

Classes unloaded (0 events):
No events

Classes redefined (0 events):
No events

Internal exceptions (20 events):
Event: 6.313 Thread 0x00000290e37999c0 Exception <a 'java/lang/NoSuchMethodError'{0x0000000086e7e240}: 'int java.lang.invoke.DirectMethodHandle$Holder.invokeInterface(java.lang.Object, java.lang.Object)'> (0x0000000086e7e240) 
thrown [s\src\hotspot\share\interpreter\linkResolver.cpp, line 771]
Event: 6.953 Thread 0x00000290e37999c0 Implicit null exception at 0x00000290ee9eff01 to 0x00000290ee9f01d8
Event: 6.987 Thread 0x00000290e37999c0 Implicit null exception at 0x00000290eea1e4ea to 0x00000290eea1e6a4
Event: 6.994 Thread 0x00000290e37999c0 Implicit null exception at 0x00000290ee87eacc to 0x00000290ee87eba8
Event: 7.102 Thread 0x00000290e37999c0 Exception <a 'java/lang/NoSuchMethodError'{0x0000000087d439e0}: 'void java.lang.invoke.DirectMethodHandle$Holder.invokeSpecial(java.lang.Object, java.lang.Object, int, java.lang.Object)'> (0x0000000087d439e0) 
thrown [s\src\hotspot\share\interpreter\linkResolver.cpp, line 771]
Event: 7.163 Thread 0x00000290e37999c0 Exception <a 'java/lang/NoSuchMethodError'{0x0000000087b1a6e8}: 'void java.lang.invoke.DirectMethodHandle$Holder.invokeInterface(java.lang.Object, java.lang.Object)'> (0x0000000087b1a6e8) 
thrown [s\src\hotspot\share\interpreter\linkResolver.cpp, line 771]
Event: 7.217 Thread 0x00000290e37999c0 Exception <a 'java/lang/IncompatibleClassChangeError'{0x0000000087a18f98}: Found class java.lang.Object, but interface was expected> (0x0000000087a18f98) 
thrown [s\src\hotspot\share\interpreter\linkResolver.cpp, line 838]
Event: 7.354 Thread 0x00000290e37999c0 Implicit null exception at 0x00000290eea397e7 to 0x00000290eea3add0
Event: 7.354 Thread 0x00000290e37999c0 Implicit null exception at 0x00000290ee83e889 to 0x00000290ee83e970
Event: 7.421 Thread 0x00000290e37999c0 Exception <a 'java/lang/NoSuchMethodError'{0x0000000087667548}: 'java.lang.Object java.lang.invoke.DirectMethodHandle$Holder.newInvokeSpecial(java.lang.Object, java.lang.Object, java.lang.Object, java.lang.Object, java.lang.Object, java.lang.Object, java.lang.Object)'> (0x0000000087667548) 
thrown [s\src\hotspot\share\interpreter\linkResolver.cpp, line 771]
Event: 7.422 Thread 0x00000290e37999c0 Exception <a 'java/lang/NoSuchMethodError'{0x000000008766c100}: 'java.lang.Object java.lang.invoke.Invokers$Holder.linkToTargetMethod(java.lang.Object, java.lang.Object, java.lang.Object, java.lang.Object, java.lang.Object, java.lang.Object, java.lang.Object)'> (0x000000008766c100) 
thrown [s\src\hotspot\share\interpreter\linkResolver.cpp, line 771]
Event: 7.425 Thread 0x00000290e37999c0 Implicit null exception at 0x00000290ee7a63d8 to 0x00000290ee7a646a
Event: 7.525 Thread 0x00000290e37999c0 Exception <a 'java/lang/NoSuchMethodError'{0x00000000874148a0}: 'java.lang.Object java.lang.invoke.DirectMethodHandle$Holder.invokeInterface(java.lang.Object, java.lang.Object, java.lang.Object)'> (0x00000000874148a0) 
thrown [s\src\hotspot\share\interpreter\linkResolver.cpp, line 771]
Event: 7.525 Thread 0x00000290e37999c0 Exception <a 'java/lang/IncompatibleClassChangeError'{0x0000000087418210}: Found class java.lang.Object, but interface was expected> (0x0000000087418210) 
thrown [s\src\hotspot\share\interpreter\linkResolver.cpp, line 838]
Event: 10.823 Thread 0x00000290e37999c0 Exception <a 'java/lang/NoSuchMethodError'{0x000000008bc3bc00}: 'java.lang.Object java.lang.invoke.DirectMethodHandle$Holder.invokeStatic(java.lang.Object, int, java.lang.Object)'> (0x000000008bc3bc00) 
thrown [s\src\hotspot\share\interpreter\linkResolver.cpp, line 771]
Event: 11.716 Thread 0x00000290e37999c0 Exception <a 'java/lang/NoSuchMethodError'{0x000000008a9640a0}: 'java.lang.Object java.lang.invoke.DirectMethodHandle$Holder.invokeStaticInit(java.lang.Object, java.lang.Object, java.lang.Object, java.lang.Object)'> (0x000000008a9640a0) 
thrown [s\src\hotspot\share\interpreter\linkResolver.cpp, line 771]
Event: 11.930 Thread 0x00000290e37999c0 Exception <a 'java/lang/NoSuchMethodError'{0x0000000089a15930}: 'java.lang.Object java.lang.invoke.DirectMethodHandle$Holder.newInvokeSpecial(java.lang.Object, java.lang.Object, java.lang.Object, int, int)'> (0x0000000089a15930) 
thrown [s\src\hotspot\share\interpreter\linkResolver.cpp, line 771]
Event: 11.933 Thread 0x00000290e37999c0 Exception <a 'java/lang/NoSuchMethodError'{0x0000000089a19770}: 'java.lang.Object java.lang.invoke.DirectMethodHandle$Holder.invokeSpecial(java.lang.Object, java.lang.Object, java.lang.Object, java.lang.Object, int, int)'> (0x0000000089a19770) 
thrown [s\src\hotspot\share\interpreter\linkResolver.cpp, line 771]
Event: 11.960 Thread 0x00000290e37999c0 Implicit null exception at 0x00000290ee7ac892 to 0x00000290ee7acae8
Event: 12.148 Thread 0x00000290e37999c0 Exception <a 'java/lang/NoSuchMethodError'{0x00000000894b8b90}: 'java.lang.Object java.lang.invoke.DirectMethodHandle$Holder.invokeSpecial(java.lang.Object, java.lang.Object, int, int, java.lang.Object, java.lang.Object, java.lang.Object, java.lang.Object, java.lang.Object)'> (0x00000000894b8b90) 
thrown [s\src\hotspot\share\interpreter\linkResolver.cpp, line 771]

VM Operations (20 events):
Event: 13.435 Executing VM operation: HandshakeAllThreads
Event: 13.435 Executing VM operation: HandshakeAllThreads done
Event: 13.435 Executing VM operation: HandshakeAllThreads
Event: 13.435 Executing VM operation: HandshakeAllThreads done
Event: 13.442 Executing VM operation: HandshakeAllThreads
Event: 13.443 Executing VM operation: HandshakeAllThreads done
Event: 13.450 Executing VM operation: ICBufferFull
Event: 13.450 Executing VM operation: ICBufferFull done
Event: 13.459 Executing VM operation: HandshakeAllThreads
Event: 13.460 Executing VM operation: HandshakeAllThreads done
Event: 13.483 Executing VM operation: HandshakeAllThreads
Event: 13.483 Executing VM operation: HandshakeAllThreads done
Event: 13.518 Executing VM operation: HandshakeAllThreads
Event: 13.518 Executing VM operation: HandshakeAllThreads done
Event: 13.639 Executing VM operation: ICBufferFull
Event: 13.639 Executing VM operation: ICBufferFull done
Event: 13.782 Executing VM operation: HandshakeAllThreads
Event: 13.782 Executing VM operation: HandshakeAllThreads done
Event: 13.784 Executing VM operation: HandshakeAllThreads
Event: 13.784 Executing VM operation: HandshakeAllThreads done

Events (20 events):
Event: 13.502 Thread 0x00000290fd545240 flushing nmethod 0x00000290e8710210
Event: 13.502 Thread 0x00000290fd545240 flushing nmethod 0x00000290e872b190
Event: 13.502 Thread 0x00000290fd545240 flushing nmethod 0x00000290e872d590
Event: 13.502 Thread 0x00000290fd545240 flushing nmethod 0x00000290e8732590
Event: 13.502 Thread 0x00000290fd545240 flushing nmethod 0x00000290e874b290
Event: 13.502 Thread 0x00000290fd545240 flushing nmethod 0x00000290e874ec10
Event: 13.502 Thread 0x00000290fd545240 flushing nmethod 0x00000290e8751c10
Event: 13.503 Thread 0x00000290fd545240 flushing nmethod 0x00000290e87b8110
Event: 13.503 Thread 0x00000290fd545240 flushing nmethod 0x00000290e87bb590
Event: 13.503 Thread 0x00000290fd545240 flushing nmethod 0x00000290e87bdd10
Event: 13.503 Thread 0x00000290fd545240 flushing nmethod 0x00000290e87c4010
Event: 13.503 Thread 0x00000290fd545240 flushing nmethod 0x00000290e87d1890
Event: 13.503 Thread 0x00000290fd545240 flushing nmethod 0x00000290e87d3f10
Event: 13.503 Thread 0x00000290fd545240 flushing nmethod 0x00000290e87d5110
Event: 13.503 Thread 0x00000290fd545240 flushing nmethod 0x00000290e8806090
Event: 13.503 Thread 0x00000290fd545240 flushing nmethod 0x00000290e8825a10
Event: 13.503 Thread 0x00000290fd545240 flushing nmethod 0x00000290e8871b90
Event: 13.503 Thread 0x00000290fd545240 flushing nmethod 0x00000290e88c4510
Event: 13.503 Thread 0x00000290fd545240 flushing nmethod 0x00000290e88f5390
Event: 13.503 Thread 0x00000290fd545240 flushing nmethod 0x00000290e8904f90


Dynamic libraries:
0x00007ff69a680000 - 0x00007ff69a68a000 	C:\Program Files\Android\Android Studio\jbr\bin\java.exe
0x00007ffa27370000 - 0x00007ffa27568000 	C:\WINDOWS\SYSTEM32\ntdll.dll
0x00007ffa27100000 - 0x00007ffa271bd000 	C:\WINDOWS\System32\KERNEL32.DLL
0x00007ffa24bc0000 - 0x00007ffa24eb6000 	C:\WINDOWS\System32\KERNELBASE.dll
0x00007ffa24ec0000 - 0x00007ffa24fc0000 	C:\WINDOWS\System32\ucrtbase.dll
0x00007ffa039c0000 - 0x00007ffa039d7000 	C:\Program Files\Android\Android Studio\jbr\bin\jli.dll
0x00007ffa1ca50000 - 0x00007ffa1ca6b000 	C:\Program Files\Android\Android Studio\jbr\bin\VCRUNTIME140.dll
0x00007ffa26ef0000 - 0x00007ffa2708e000 	C:\WINDOWS\System32\USER32.dll
0x00007ffa13cf0000 - 0x00007ffa13f8a000 	C:\WINDOWS\WinSxS\amd64_microsoft.windows.common-controls_6595b64144ccf1df_6.0.19041.1110_none_60b5254171f9507e\COMCTL32.dll
0x00007ffa251f0000 - 0x00007ffa25212000 	C:\WINDOWS\System32\win32u.dll
0x00007ffa256c0000 - 0x00007ffa256ec000 	C:\WINDOWS\System32\GDI32.dll
0x00007ffa26c60000 - 0x00007ffa26cfe000 	C:\WINDOWS\System32\msvcrt.dll
0x00007ffa24a50000 - 0x00007ffa24b6a000 	C:\WINDOWS\System32\gdi32full.dll
0x00007ffa24ff0000 - 0x00007ffa2508d000 	C:\WINDOWS\System32\msvcp_win.dll
0x00007ffa26490000 - 0x00007ffa264c0000 	C:\WINDOWS\System32\IMM32.DLL
0x00007ffa1ef40000 - 0x00007ffa1ef4c000 	C:\Program Files\Android\Android Studio\jbr\bin\vcruntime140_1.dll
0x00007ff9f5660000 - 0x00007ff9f56ed000 	C:\Program Files\Android\Android Studio\jbr\bin\msvcp140.dll
0x00007ff9e61e0000 - 0x00007ff9e6e4e000 	C:\Program Files\Android\Android Studio\jbr\bin\server\jvm.dll
0x00007ffa27270000 - 0x00007ffa2731e000 	C:\WINDOWS\System32\ADVAPI32.dll
0x00007ffa25ea0000 - 0x00007ffa25f3c000 	C:\WINDOWS\System32\sechost.dll
0x00007ffa26b30000 - 0x00007ffa26c56000 	C:\WINDOWS\System32\RPCRT4.dll
0x00007ffa0ef90000 - 0x00007ffa0ef99000 	C:\WINDOWS\SYSTEM32\WSOCK32.dll
0x00007ffa13620000 - 0x00007ffa13647000 	C:\WINDOWS\SYSTEM32\WINMM.dll
0x00007ffa27090000 - 0x00007ffa270fb000 	C:\WINDOWS\System32\WS2_32.dll
0x00007ffa1cd60000 - 0x00007ffa1cd6a000 	C:\WINDOWS\SYSTEM32\VERSION.dll
0x00007ffa23270000 - 0x00007ffa23282000 	C:\WINDOWS\SYSTEM32\kernel.appcore.dll
0x00007ffa20050000 - 0x00007ffa2005a000 	C:\Program Files\Android\Android Studio\jbr\bin\jimage.dll
0x00007ffa227d0000 - 0x00007ffa229b4000 	C:\WINDOWS\SYSTEM32\DBGHELP.DLL
0x00007ffa125d0000 - 0x00007ffa12604000 	C:\WINDOWS\SYSTEM32\dbgcore.DLL
0x00007ffa25290000 - 0x00007ffa25312000 	C:\WINDOWS\System32\bcryptPrimitives.dll
0x00007ffa13800000 - 0x00007ffa13825000 	C:\Program Files\Android\Android Studio\jbr\bin\java.dll
0x00007ffa1e180000 - 0x00007ffa1e198000 	C:\Program Files\Android\Android Studio\jbr\bin\zip.dll
0x00007ffa25750000 - 0x00007ffa25e95000 	C:\WINDOWS\System32\SHELL32.dll
0x00007ffa229c0000 - 0x00007ffa2315b000 	C:\WINDOWS\SYSTEM32\windows.storage.dll
0x00007ffa264c0000 - 0x00007ffa26814000 	C:\WINDOWS\System32\combase.dll
0x00007ffa243c0000 - 0x00007ffa243ee000 	C:\WINDOWS\SYSTEM32\Wldp.dll
0x00007ffa271c0000 - 0x00007ffa2726d000 	C:\WINDOWS\System32\SHCORE.dll
0x00007ffa268c0000 - 0x00007ffa26915000 	C:\WINDOWS\System32\shlwapi.dll
0x00007ffa24980000 - 0x00007ffa249a5000 	C:\WINDOWS\SYSTEM32\profapi.dll
0x00007ffa13780000 - 0x00007ffa13799000 	C:\Program Files\Android\Android Studio\jbr\bin\net.dll
0x00007ffa168c0000 - 0x00007ffa169ca000 	C:\WINDOWS\SYSTEM32\WINHTTP.dll
0x00007ffa24120000 - 0x00007ffa2418a000 	C:\WINDOWS\system32\mswsock.dll
0x00007ffa11620000 - 0x00007ffa11636000 	C:\Program Files\Android\Android Studio\jbr\bin\nio.dll
0x00007ffa1f390000 - 0x00007ffa1f3a0000 	C:\Program Files\Android\Android Studio\jbr\bin\verify.dll

dbghelp: loaded successfully - version: 4.0.5 - missing functions: none
symbol engine: initialized successfully - sym options: 0x614 - pdb path: .;C:\Program Files\Android\Android Studio\jbr\bin;C:\WINDOWS\SYSTEM32;C:\WINDOWS\WinSxS\amd64_microsoft.windows.common-controls_6595b64144ccf1df_6.0.19041.1110_none_60b5254171f9507e;C:\Program Files\Android\Android Studio\jbr\bin\server

VM Arguments:
java_command: org.jetbrains.kotlin.cli.jvm.K2JVMCompiler @C:\Users\nadhs\AndroidStudioProjects\MyGitHubUser\app\build\20230919_18400425245006357194.compiler.options
java_class_path (initial): C:\Users\nadhs\.gradle\caches\modules-2\files-2.1\org.jetbrains.kotlin\kotlin-compiler-embeddable\1.9.0\2c8c3a7402becca891f12739b3e9fd2dc2adbd7a\kotlin-compiler-embeddable-1.9.0.jar;C:\Users\nadhs\.gradle\caches\modules-2\files-2.1\org.jetbrains.kotlin\kotlin-stdlib\1.9.0\8ee15ef0c67dc83d874f412d84378d7f0eb50b63\kotlin-stdlib-1.9.0.jar;C:\Users\nadhs\.gradle\caches\modules-2\files-2.1\org.jetbrains.kotlin\kotlin-script-runtime\1.9.0\4b3102cbbb7e1b58d9d1adf89563f00069ffa7d1\kotlin-script-runtime-1.9.0.jar;C:\Users\nadhs\.gradle\caches\modules-2\files-2.1\org.jetbrains.kotlin\kotlin-reflect\1.6.10\1cbe9c92c12a94eea200d23c2bbaedaf3daf5132\kotlin-reflect-1.6.10.jar;C:\Users\nadhs\.gradle\caches\modules-2\files-2.1\org.jetbrains.kotlin\kotlin-daemon-embeddable\1.9.0\186543f5e28cf8d9a0290fecc2cf34301c40a65c\kotlin-daemon-embeddable-1.9.0.jar;C:\Users\nadhs\.gradle\caches\modules-2\files-2.1\org.jetbrains.intellij.deps\trove4j\1.0.20200330\3afb14d5f9ceb459d724e907a21145e8ff394f02\trove4j-1.0.20200330.jar;C:\Users\nadhs\.gradle\caches\modules-2\files-2.1\org.jetbrains.kotlin\kotlin-stdlib-common\1.9.0\cd65c21cfd1eec4d44ef09f9f52b6d9f8a720636\kotlin-stdlib-common-1.9.0.jar;C:\Users\nadhs\.gradle\caches\modules-2\files-2.1\org.jetbrains\annotations\13.0\919f0dfe192fb4e063e7dacadee7f8bb9a2672a9\annotations-13.0.jar
Launcher Type: SUN_STANDARD

[Global flags]
     intx CICompilerCount                          = 3                                         {product} {ergonomic}
     uint ConcGCThreads                            = 1                                         {product} {ergonomic}
     uint G1ConcRefinementThreads                  = 4                                         {product} {ergonomic}
   size_t G1HeapRegionSize                         = 1048576                                   {product} {ergonomic}
    uintx GCDrainStackTargetSize                   = 64                                        {product} {ergonomic}
   size_t InitialHeapSize                          = 132120576                                 {product} {ergonomic}
   size_t MarkStackSize                            = 4194304                                   {product} {ergonomic}
   size_t MaxHeapSize                              = 2097152000                                {product} {ergonomic}
   size_t MaxNewSize                               = 1258291200                                {product} {ergonomic}
   size_t MinHeapDeltaBytes                        = 1048576                                   {product} {ergonomic}
   size_t MinHeapSize                              = 8388608                                   {product} {ergonomic}
    uintx NonNMethodCodeHeapSize                   = 5832780                                {pd product} {ergonomic}
    uintx NonProfiledCodeHeapSize                  = 122912730                              {pd product} {ergonomic}
    uintx ProfiledCodeHeapSize                     = 122912730                              {pd product} {ergonomic}
    uintx ReservedCodeCacheSize                    = 251658240                              {pd product} {ergonomic}
     bool SegmentedCodeCache                       = true                                      {product} {ergonomic}
   size_t SoftMaxHeapSize                          = 2097152000                             {manageable} {ergonomic}
     bool UseCompressedClassPointers               = true                           {product lp64_product} {ergonomic}
     bool UseCompressedOops                        = true                           {product lp64_product} {ergonomic}
     bool UseG1GC                                  = true                                      {product} {ergonomic}
     bool UseLargePagesIndividualAllocation        = false                                  {pd product} {ergonomic}

Logging:
Log output configuration:
 #0: stdout all=warning uptime,level,tags
 #1: stderr all=off uptime,level,tags

Environment Variables:
JAVA_HOME=C:\Program Files\Zulu\zulu-17\
PATH=C:\Program Files\Zulu\zulu-17\bin\;C:\Program Files (x86)\Common Files\Intel\Shared Libraries\redist\intel64\compiler;C:\Program Files\Common Files\Oracle\Java\javapath;C:\Program Files (x86)\Common Files\Oracle\Java\javapath;C:\WINDOWS\system32;C:\WINDOWS;C:\WINDOWS\System32\Wbem;C:\WINDOWS\System32\WindowsPowerShell\v1.0\;C:\WINDOWS\System32\OpenSSH\;C:\Users\nadhs\AppData\Local\Programs\Python\Python39\Scripts;C:\Users\nadhs\AppData\Local\Programs\Python\Python39;C:\Program Files\nodejs\;C:\Program Files\gradle-8.2.1\bin;C:\Program Files\Git\cmd;C:\Users\nadhs\AppData\Roaming\TinyTeX\bin\win32;C:\Users\nadhs\AppData\Local\Microsoft\WindowsApps;C:\Users\nadhs\AppData\Local\Programs\Microsoft VS Code\bin;C:\Users\nadhs\AppData\Local\Programs\Python\Python39\Scripts;C:\Users\nadhs\AppData\Local\Programs\Python\Python39;C:\Users\nadhs\AppData\Local\Programs\MiKTeX\miktex\bin\x64\;C:\Users\nadhs\AppData\Roaming\npm;C:\Program Files\Java\jdk-1.8\bin;;C:\Program Files\JetBrains\IntelliJ IDEA 2023.2\bin;;C:\Program Files\JetBrains\IntelliJ IDEA Community Edition 2023.2\bin;
USERNAME=nadhs
OS=Windows_NT
PROCESSOR_IDENTIFIER=Intel64 Family 6 Model 126 Stepping 5, GenuineIntel
TMP=C:\Users\nadhs\AppData\Local\Temp
TEMP=C:\Users\nadhs\AppData\Local\Temp


JNI global refs:
JNI global refs: 9, weak refs: 6

JNI global refs memory usage: 843, weak refs: 841


---------------  S Y S T E M  ---------------

OS:
 Windows 10 , 64 bit Build 19041 (10.0.19041.3393)
OS uptime: 1 days 7:20 hours

CPU: total 4 (initial active 4) (2 cores per cpu, 2 threads per core) family 6 model 126 stepping 5 microcode 0xa6, cx8, cmov, fxsr, ht, mmx, 3dnowpref, sse, sse2, sse3, ssse3, sse4.1, sse4.2, popcnt, lzcnt, tsc, tscinvbit, avx, avx2, aes, erms, clmul, bmi1, bmi2, adx, avx512f, avx512dq, avx512cd, avx512bw, avx512vl, sha, fma, vzeroupper, avx512_vpopcntdq, avx512_vpclmulqdq, avx512_vaes, avx512_vnni, clflush, clflushopt, avx512_vbmi2, avx512_vbmi

Memory: 4k page, system-wide physical 7998M (413M free)
TotalPageFile size 11798M (AvailPageFile size 6M)
current process WorkingSet (physical memory assigned to process): 370M, peak: 371M
current process commit charge ("private bytes"): 406M, peak: 409M

vm_info: OpenJDK 64-Bit Server VM (17.0.6+0-b2043.56-10027231) for windows-amd64 JRE (17.0.6+0-b2043.56-10027231), built on Apr 28 2023 00:43:19 by "androidbuild" with MS VC++ 16.10 / 16.11 (VS2019)

END.
